# project node.js (1.0) configured on Thu Jun 22 07:42:15 2017 by
# waf 1.5.16 (abi 7, python 2070af0 on darwin)
# using /Users/marcelo/node/tools/waf-light --jobs=1 configure
#

----------------------------------------
Checking for program g++ or c++
  find program=['g++', 'c++'] paths=[] var='CXX'
  -> '/usr/bin/g++'

----------------------------------------
Checking for program cpp
  find program=['cpp'] paths=[] var='CPP'
  -> '/usr/bin/cpp'

----------------------------------------
Checking for program ar
  find program=['ar'] paths=[] var='AR'
  -> '/usr/bin/ar'

----------------------------------------
Checking for program ranlib
  find program=['ranlib'] paths=[] var='RANLIB'
  -> '/usr/bin/ranlib'

----------------------------------------
Checking for g++ 
ok 

----------------------------------------
Checking for program gcc or cc
  find program=['gcc', 'cc'] paths=[] var='CC'
  -> '/usr/bin/gcc'

----------------------------------------
Checking for gcc 
ok 

----------------------------------------
Checking for library dl
==>

int main() {
	return 0;
}

<==
[1/2] [32mcxx: build/.conf_check_0/test.cpp -> build/.conf_check_0/testbuild/default/test_1.o
[0m['/usr/bin/g++', '../test.cpp', '-c', '-o', 'default/test_1.o']
[2/2] [33mcxx_link: build/.conf_check_0/testbuild/default/test_1.o -> build/.conf_check_0/testbuild/default/testprog
[0m['/usr/bin/g++', 'default/test_1.o', '-o', '/Users/marcelo/node/build/.conf_check_0/testbuild/default/testprog', '-ldl']
yes

----------------------------------------
Checking for openssl
pkg-config --errors-to-stdout --print-errors --cflags --libs openssl
-lssl -lcrypto -lz 
yes

----------------------------------------
Checking for library rt
==>

int main() {
	return 0;
}

<==
[1/2] [32mcxx: build/.conf_check_0/test.cpp -> build/.conf_check_0/testbuild/default/test_1.o
[0m['/usr/bin/g++', '-DHAVE_OPENSSL=1', '../test.cpp', '-c', '-o', 'default/test_1.o']
[2/2] [33mcxx_link: build/.conf_check_0/testbuild/default/test_1.o -> build/.conf_check_0/testbuild/default/testprog
[0mld: library not found for -lrt
clang: error: linker command failed with exit code 1 (use -v to see invocation)
['/usr/bin/g++', 'default/test_1.o', '-o', '/Users/marcelo/node/build/.conf_check_0/testbuild/default/testprog', '-lrt']
command returned 'Build failed:  -> task failed (err #1): \n\t{task: cxx_link test_1.o -> testprog}'not found

----------------------------------------
Checking for library pthread
==>

int main() {
	return 0;
}

<==
[1/2] [32mcxx: build/.conf_check_0/test.cpp -> build/.conf_check_0/testbuild/default/test_1.o
[0m['/usr/bin/g++', '-DHAVE_OPENSSL=1', '../test.cpp', '-c', '-o', 'default/test_1.o']
[2/2] [33mcxx_link: build/.conf_check_0/testbuild/default/test_1.o -> build/.conf_check_0/testbuild/default/testprog
[0m['/usr/bin/g++', 'default/test_1.o', '-o', '/Users/marcelo/node/build/.conf_check_0/testbuild/default/testprog', '-lpthread']
yes

----------------------------------------
Checking for function pthread_create
==>
#include <pthread.h>

	int main() {
	void *p;
	p=(void*)(pthread_create);
	return 0;
}

<==
[1/2] [32mcc: build/.conf_check_0/test.c -> build/.conf_check_0/testbuild/default/test_1.o
[0mclang: warning: argument unused during compilation: '-rdynamic' [-Wunused-command-line-argument]
['/usr/bin/gcc', '-rdynamic', '-DHAVE_OPENSSL=1', '../test.c', '-c', '-o', 'default/test_1.o']
[2/2] [33mcc_link: build/.conf_check_0/testbuild/default/test_1.o -> build/.conf_check_0/testbuild/default/testprog
[0m['/usr/bin/gcc', 'default/test_1.o', '-o', '/Users/marcelo/node/build/.conf_check_0/testbuild/default/testprog', '-lpthread']
yes

----------------------------------------
Checking for function pthread_atfork
==>
#include <pthread.h>

	int main() {
	void *p;
	p=(void*)(pthread_atfork);
	return 0;
}

<==
[1/2] [32mcc: build/.conf_check_0/test.c -> build/.conf_check_0/testbuild/default/test_1.o
[0mclang: warning: argument unused during compilation: '-rdynamic' [-Wunused-command-line-argument]
['/usr/bin/gcc', '-rdynamic', '-DHAVE_OPENSSL=1', '../test.c', '-c', '-o', 'default/test_1.o']
[2/2] [33mcc_link: build/.conf_check_0/testbuild/default/test_1.o -> build/.conf_check_0/testbuild/default/testprog
[0m['/usr/bin/gcc', 'default/test_1.o', '-o', '/Users/marcelo/node/build/.conf_check_0/testbuild/default/testprog', '-lpthread']
yes

----------------------------------------
Checking for futimes(2)
==>

    #include <sys/types.h>
    #include <sys/time.h>
    #include <utime.h>
    struct timeval tv[2];
    int res;
    int fd;
    int main(void)
    {
       res = futimes (fd, tv);
       return 0;
    }
  
<==
[1/2] [32mcc: build/.conf_check_0/test.c -> build/.conf_check_0/testbuild/default/test_1.o
[0mclang: warning: argument unused during compilation: '-rdynamic' [-Wunused-command-line-argument]
['/usr/bin/gcc', '-rdynamic', '-DHAVE_OPENSSL=1', '../test.c', '-c', '-o', 'default/test_1.o']
[2/2] [33mcc_link: build/.conf_check_0/testbuild/default/test_1.o -> build/.conf_check_0/testbuild/default/testprog
[0m['/usr/bin/gcc', 'default/test_1.o', '-o', '/Users/marcelo/node/build/.conf_check_0/testbuild/default/testprog']
yes

----------------------------------------
Checking for readahead(2)
==>

    #include <fcntl.h>
    int main(void)
    {
       int fd = 0;
       size_t count = 2;
       ssize_t res;
       res = readahead (fd, 0, count);
       return 0;
    }
  
<==
[1/2] [32mcc: build/.conf_check_0/test.c -> build/.conf_check_0/testbuild/default/test_1.o
[0mclang: warning: argument unused during compilation: '-rdynamic' [-Wunused-command-line-argument]
../test.c:7:8: error: unknown type name 'ssize_t'; did you mean 'size_t'?
       ssize_t res;
       ^~~~~~~
       size_t
/usr/include/sys/_types/_size_t.h:30:32: note: 'size_t' declared here
typedef __darwin_size_t        size_t; 
                               ^
../test.c:8:14: warning: implicit declaration of function 'readahead' is invalid in C99 [-Wimplicit-function-declaration]
       res = readahead (fd, 0, count);
             ^
1 warning and 1 error generated.
['/usr/bin/gcc', '-rdynamic', '-DHAVE_OPENSSL=1', '../test.c', '-c', '-o', 'default/test_1.o']
command returned 'Build failed:  -> task failed (err #1): \n\t{task: cc test.c -> test_1.o}'no

----------------------------------------
Checking for fdatasync(2)
==>

    #include <unistd.h>
    int main(void)
    {
       int fd = 0;
       fdatasync (fd);
       return 0;
    }
  
<==
[1/2] [32mcc: build/.conf_check_0/test.c -> build/.conf_check_0/testbuild/default/test_1.o
[0mclang: warning: argument unused during compilation: '-rdynamic' [-Wunused-command-line-argument]
../test.c:6:8: warning: implicit declaration of function 'fdatasync' is invalid in C99 [-Wimplicit-function-declaration]
       fdatasync (fd);
       ^
1 warning generated.
['/usr/bin/gcc', '-rdynamic', '-DHAVE_OPENSSL=1', '../test.c', '-c', '-o', 'default/test_1.o']
[2/2] [33mcc_link: build/.conf_check_0/testbuild/default/test_1.o -> build/.conf_check_0/testbuild/default/testprog
[0m['/usr/bin/gcc', 'default/test_1.o', '-o', '/Users/marcelo/node/build/.conf_check_0/testbuild/default/testprog']
yes

----------------------------------------
Checking for pread(2) and pwrite(2)
==>

    #include <unistd.h>
    int main(void)
    {
       int fd = 0;
       size_t count = 1;
       char buf;
       off_t offset = 1;
       ssize_t res;
       res = pread (fd, &buf, count, offset);
       res = pwrite (fd, &buf, count, offset);
       return 0;
    }
  
<==
[1/2] [32mcc: build/.conf_check_0/test.c -> build/.conf_check_0/testbuild/default/test_1.o
[0mclang: warning: argument unused during compilation: '-rdynamic' [-Wunused-command-line-argument]
['/usr/bin/gcc', '-rdynamic', '-DHAVE_OPENSSL=1', '../test.c', '-c', '-o', 'default/test_1.o']
[2/2] [33mcc_link: build/.conf_check_0/testbuild/default/test_1.o -> build/.conf_check_0/testbuild/default/testprog
[0m['/usr/bin/gcc', 'default/test_1.o', '-o', '/Users/marcelo/node/build/.conf_check_0/testbuild/default/testprog']
yes

----------------------------------------
Checking for sendfile(2)
==>
 
    # include <sys/types.h>
    #if __linux
    # include <sys/sendfile.h>
    #elif __FreeBSD__ || defined(__APPLE__)
    # include <sys/socket.h>
    # include <sys/uio.h>
    #elif __hpux
    # include <sys/socket.h>
    #else
    # error unsupported architecture
    #endif
    int main(void)
    {
       int fd = 0;
       off_t offset = 1;
       size_t count = 2;
       ssize_t res;
    #if __linux
       res = sendfile (fd, fd, offset, count);
    #elif __FreeBSD__
       res = sendfile (fd, fd, offset, count, 0, &offset, 0);
    #elif __APPLE__
       res = sendfile (fd, fd, offset, &offset, 0, 0);
    #elif __hpux
       res = sendfile (fd, fd, offset, count, 0, 0);
    #endif
       return 0;
    }
  
<==
[1/2] [32mcc: build/.conf_check_0/test.c -> build/.conf_check_0/testbuild/default/test_1.o
[0mclang: warning: argument unused during compilation: '-rdynamic' [-Wunused-command-line-argument]
['/usr/bin/gcc', '-rdynamic', '-DHAVE_OPENSSL=1', '../test.c', '-c', '-o', 'default/test_1.o']
[2/2] [33mcc_link: build/.conf_check_0/testbuild/default/test_1.o -> build/.conf_check_0/testbuild/default/testprog
[0m['/usr/bin/gcc', 'default/test_1.o', '-o', '/Users/marcelo/node/build/.conf_check_0/testbuild/default/testprog']
yes

----------------------------------------
Checking for sync_file_range(2) 
==>

    #include <fcntl.h>
    int main(void)
    {
       int fd = 0;
       off64_t offset = 1;
       off64_t nbytes = 1;
       unsigned int flags = SYNC_FILE_RANGE_WAIT_BEFORE|SYNC_FILE_RANGE_WRITE|SYNC_FILE_RANGE_WAIT_AFTER;
       ssize_t res;
       res = sync_file_range (fd, offset, nbytes, flags);
       return 0;
    }
  
<==
[1/2] [32mcc: build/.conf_check_0/test.c -> build/.conf_check_0/testbuild/default/test_1.o
[0mclang: warning: argument unused during compilation: '-rdynamic' [-Wunused-command-line-argument]
../test.c:6:8: error: unknown type name 'off64_t'; did you mean 'off_t'?
       off64_t offset = 1;
       ^~~~~~~
       off_t
/usr/include/sys/_types/_off_t.h:30:25: note: 'off_t' declared here
typedef __darwin_off_t          off_t;
                                ^
../test.c:7:8: error: unknown type name 'off64_t'; did you mean 'off_t'?
       off64_t nbytes = 1;
       ^~~~~~~
       off_t
/usr/include/sys/_types/_off_t.h:30:25: note: 'off_t' declared here
typedef __darwin_off_t          off_t;
                                ^
../test.c:8:29: error: use of undeclared identifier 'SYNC_FILE_RANGE_WAIT_BEFORE'
       unsigned int flags = SYNC_FILE_RANGE_WAIT_BEFORE|SYNC_FILE_RANGE_WRITE|SYNC_FILE_RANGE_WAIT_AFTER;
                            ^
../test.c:8:57: error: use of undeclared identifier 'SYNC_FILE_RANGE_WRITE'
       unsigned int flags = SYNC_FILE_RANGE_WAIT_BEFORE|SYNC_FILE_RANGE_WRITE|SYNC_FILE_RANGE_WAIT_AFTER;
                                                        ^
../test.c:8:79: error: use of undeclared identifier 'SYNC_FILE_RANGE_WAIT_AFTER'
       unsigned int flags = SYNC_FILE_RANGE_WAIT_BEFORE|SYNC_FILE_RANGE_WRITE|SYNC_FILE_RANGE_WAIT_AFTER;
                                                                              ^
../test.c:9:8: error: unknown type name 'ssize_t'; did you mean 'size_t'?
       ssize_t res;
       ^~~~~~~
       size_t
/usr/include/sys/_types/_size_t.h:30:32: note: 'size_t' declared here
typedef __darwin_size_t        size_t; 
                               ^
../test.c:10:14: warning: implicit declaration of function 'sync_file_range' is invalid in C99 [-Wimplicit-function-declaration]
       res = sync_file_range (fd, offset, nbytes, flags);
             ^
1 warning and 6 errors generated.
['/usr/bin/gcc', '-rdynamic', '-D_GNU_SOURCE', '-DHAVE_OPENSSL=1', '../test.c', '-c', '-o', 'default/test_1.o']
command returned 'Build failed:  -> task failed (err #1): \n\t{task: cc test.c -> test_1.o}'no

----------------------------------------
Checking for header sys/inotify.h
==>
#include <sys/inotify.h>

int main() {
	return 0;
}

<==
[1/2] [32mcc: build/.conf_check_0/test.c -> build/.conf_check_0/testbuild/default/test_1.o
[0mclang: warning: argument unused during compilation: '-rdynamic' [-Wunused-command-line-argument]
../test.c:1:10: fatal error: 'sys/inotify.h' file not found
#include <sys/inotify.h>
         ^
1 error generated.
['/usr/bin/gcc', '-rdynamic', '-D_GNU_SOURCE', '-DHAVE_CONFIG_H=1', '-DHAVE_OPENSSL=1', '../test.c', '-c', '-o', 'default/test_1.o']
command returned 'Build failed:  -> task failed (err #1): \n\t{task: cc test.c -> test_1.o}'not found

----------------------------------------
Checking for header sys/epoll.h
==>
#include <sys/epoll.h>

int main() {
	return 0;
}

<==
[1/2] [32mcc: build/.conf_check_0/test.c -> build/.conf_check_0/testbuild/default/test_1.o
[0mclang: warning: argument unused during compilation: '-rdynamic' [-Wunused-command-line-argument]
../test.c:1:10: fatal error: 'sys/epoll.h' file not found
#include <sys/epoll.h>
         ^
1 error generated.
['/usr/bin/gcc', '-rdynamic', '-D_GNU_SOURCE', '-DHAVE_CONFIG_H=1', '-DHAVE_OPENSSL=1', '../test.c', '-c', '-o', 'default/test_1.o']
command returned 'Build failed:  -> task failed (err #1): \n\t{task: cc test.c -> test_1.o}'not found

----------------------------------------
Checking for header port.h
==>
#include <port.h>

int main() {
	return 0;
}

<==
[1/2] [32mcc: build/.conf_check_0/test.c -> build/.conf_check_0/testbuild/default/test_1.o
[0mclang: warning: argument unused during compilation: '-rdynamic' [-Wunused-command-line-argument]
../test.c:1:10: fatal error: 'port.h' file not found
#include <port.h>
         ^
1 error generated.
['/usr/bin/gcc', '-rdynamic', '-D_GNU_SOURCE', '-DHAVE_CONFIG_H=1', '-DHAVE_OPENSSL=1', '../test.c', '-c', '-o', 'default/test_1.o']
command returned 'Build failed:  -> task failed (err #1): \n\t{task: cc test.c -> test_1.o}'not found

----------------------------------------
Checking for header poll.h
==>
#include <poll.h>

int main() {
	return 0;
}

<==
[1/2] [32mcc: build/.conf_check_0/test.c -> build/.conf_check_0/testbuild/default/test_1.o
[0mclang: warning: argument unused during compilation: '-rdynamic' [-Wunused-command-line-argument]
['/usr/bin/gcc', '-rdynamic', '-D_GNU_SOURCE', '-DHAVE_CONFIG_H=1', '-DHAVE_OPENSSL=1', '../test.c', '-c', '-o', 'default/test_1.o']
[2/2] [33mcc_link: build/.conf_check_0/testbuild/default/test_1.o -> build/.conf_check_0/testbuild/default/testprog
[0m['/usr/bin/gcc', 'default/test_1.o', '-o', '/Users/marcelo/node/build/.conf_check_0/testbuild/default/testprog']
yes

----------------------------------------
Checking for function poll
==>
#include <poll.h>

	int main() {
	void *p;
	p=(void*)(poll);
	return 0;
}

<==
[1/2] [32mcc: build/.conf_check_0/test.c -> build/.conf_check_0/testbuild/default/test_1.o
[0mclang: warning: argument unused during compilation: '-rdynamic' [-Wunused-command-line-argument]
['/usr/bin/gcc', '-rdynamic', '-D_GNU_SOURCE', '-DHAVE_CONFIG_H=1', '-DHAVE_OPENSSL=1', '../test.c', '-c', '-o', 'default/test_1.o']
[2/2] [33mcc_link: build/.conf_check_0/testbuild/default/test_1.o -> build/.conf_check_0/testbuild/default/testprog
[0m['/usr/bin/gcc', 'default/test_1.o', '-o', '/Users/marcelo/node/build/.conf_check_0/testbuild/default/testprog']
yes

----------------------------------------
Checking for header sys/event.h
==>
#include <sys/event.h>

int main() {
	return 0;
}

<==
[1/2] [32mcc: build/.conf_check_0/test.c -> build/.conf_check_0/testbuild/default/test_1.o
[0mclang: warning: argument unused during compilation: '-rdynamic' [-Wunused-command-line-argument]
['/usr/bin/gcc', '-rdynamic', '-D_GNU_SOURCE', '-DHAVE_CONFIG_H=1', '-DHAVE_OPENSSL=1', '../test.c', '-c', '-o', 'default/test_1.o']
[2/2] [33mcc_link: build/.conf_check_0/testbuild/default/test_1.o -> build/.conf_check_0/testbuild/default/testprog
[0m['/usr/bin/gcc', 'default/test_1.o', '-o', '/Users/marcelo/node/build/.conf_check_0/testbuild/default/testprog']
yes

----------------------------------------
Checking for header sys/queue.h
==>
#include <sys/queue.h>

int main() {
	return 0;
}

<==
[1/2] [32mcc: build/.conf_check_0/test.c -> build/.conf_check_0/testbuild/default/test_1.o
[0mclang: warning: argument unused during compilation: '-rdynamic' [-Wunused-command-line-argument]
['/usr/bin/gcc', '-rdynamic', '-D_GNU_SOURCE', '-DHAVE_CONFIG_H=1', '-DHAVE_OPENSSL=1', '../test.c', '-c', '-o', 'default/test_1.o']
[2/2] [33mcc_link: build/.conf_check_0/testbuild/default/test_1.o -> build/.conf_check_0/testbuild/default/testprog
[0m['/usr/bin/gcc', 'default/test_1.o', '-o', '/Users/marcelo/node/build/.conf_check_0/testbuild/default/testprog']
yes

----------------------------------------
Checking for function kqueue
==>
#include <sys/event.h>

	int main() {
	void *p;
	p=(void*)(kqueue);
	return 0;
}

<==
[1/2] [32mcc: build/.conf_check_0/test.c -> build/.conf_check_0/testbuild/default/test_1.o
[0mclang: warning: argument unused during compilation: '-rdynamic' [-Wunused-command-line-argument]
['/usr/bin/gcc', '-rdynamic', '-D_GNU_SOURCE', '-DHAVE_CONFIG_H=1', '-DHAVE_OPENSSL=1', '../test.c', '-c', '-o', 'default/test_1.o']
[2/2] [33mcc_link: build/.conf_check_0/testbuild/default/test_1.o -> build/.conf_check_0/testbuild/default/testprog
[0m['/usr/bin/gcc', 'default/test_1.o', '-o', '/Users/marcelo/node/build/.conf_check_0/testbuild/default/testprog']
yes

----------------------------------------
Checking for header sys/select.h
==>
#include <sys/select.h>

int main() {
	return 0;
}

<==
[1/2] [32mcc: build/.conf_check_0/test.c -> build/.conf_check_0/testbuild/default/test_1.o
[0mclang: warning: argument unused during compilation: '-rdynamic' [-Wunused-command-line-argument]
['/usr/bin/gcc', '-rdynamic', '-D_GNU_SOURCE', '-DHAVE_CONFIG_H=1', '-DHAVE_OPENSSL=1', '../test.c', '-c', '-o', 'default/test_1.o']
[2/2] [33mcc_link: build/.conf_check_0/testbuild/default/test_1.o -> build/.conf_check_0/testbuild/default/testprog
[0m['/usr/bin/gcc', 'default/test_1.o', '-o', '/Users/marcelo/node/build/.conf_check_0/testbuild/default/testprog']
yes

----------------------------------------
Checking for function select
==>
#include <sys/select.h>

	int main() {
	void *p;
	p=(void*)(select);
	return 0;
}

<==
[1/2] [32mcc: build/.conf_check_0/test.c -> build/.conf_check_0/testbuild/default/test_1.o
[0mclang: warning: argument unused during compilation: '-rdynamic' [-Wunused-command-line-argument]
['/usr/bin/gcc', '-rdynamic', '-D_GNU_SOURCE', '-DHAVE_CONFIG_H=1', '-DHAVE_OPENSSL=1', '../test.c', '-c', '-o', 'default/test_1.o']
[2/2] [33mcc_link: build/.conf_check_0/testbuild/default/test_1.o -> build/.conf_check_0/testbuild/default/testprog
[0m['/usr/bin/gcc', 'default/test_1.o', '-o', '/Users/marcelo/node/build/.conf_check_0/testbuild/default/testprog']
yes

----------------------------------------
Checking for header sys/eventfd.h
==>
#include <sys/eventfd.h>

int main() {
	return 0;
}

<==
[1/2] [32mcc: build/.conf_check_0/test.c -> build/.conf_check_0/testbuild/default/test_1.o
[0mclang: warning: argument unused during compilation: '-rdynamic' [-Wunused-command-line-argument]
../test.c:1:10: fatal error: 'sys/eventfd.h' file not found
#include <sys/eventfd.h>
         ^
1 error generated.
['/usr/bin/gcc', '-rdynamic', '-D_GNU_SOURCE', '-DHAVE_CONFIG_H=1', '-DHAVE_OPENSSL=1', '../test.c', '-c', '-o', 'default/test_1.o']
command returned 'Build failed:  -> task failed (err #1): \n\t{task: cc test.c -> test_1.o}'not found

----------------------------------------
Checking for SYS_clock_gettime
==>

      #include <syscall.h>
      #include <time.h>
      #include <stdio.h>

      int main() {
          struct timespec ts; 
          int status = syscall(SYS_clock_gettime, CLOCK_REALTIME, &ts);
          return 0;
      }
  
<==
[1/2] [32mcc: build/.conf_check_0/test.c -> build/.conf_check_0/testbuild/default/test_1.o
[0mclang: warning: argument unused during compilation: '-rdynamic' [-Wunused-command-line-argument]
../test.c:2:16: fatal error: 'syscall.h' file not found
      #include <syscall.h>
               ^
1 error generated.
['/usr/bin/gcc', '-rdynamic', '-D_GNU_SOURCE', '-DHAVE_CONFIG_H=1', '-DHAVE_OPENSSL=1', '../test.c', '-c', '-o', 'default/test_1.o']
command returned 'Build failed:  -> task failed (err #1): \n\t{task: cc test.c -> test_1.o}'no

----------------------------------------
Checking for library rt
==>

int main() {
	return 0;
}

<==
[1/2] [32mcxx: build/.conf_check_0/test.cpp -> build/.conf_check_0/testbuild/default/test_1.o
[0m['/usr/bin/g++', '-DHAVE_OPENSSL=1', '../test.cpp', '-c', '-o', 'default/test_1.o']
[2/2] [33mcxx_link: build/.conf_check_0/testbuild/default/test_1.o -> build/.conf_check_0/testbuild/default/testprog
[0mld: library not found for -lrt
clang: error: linker command failed with exit code 1 (use -v to see invocation)
['/usr/bin/g++', 'default/test_1.o', '-o', '/Users/marcelo/node/build/.conf_check_0/testbuild/default/testprog', '-lrt']
command returned 'Build failed:  -> task failed (err #1): \n\t{task: cxx_link test_1.o -> testprog}'not found

----------------------------------------
Checking for function nanosleep
==>
#include <time.h>

	int main() {
	void *p;
	p=(void*)(nanosleep);
	return 0;
}

<==
[1/2] [32mcc: build/.conf_check_0/test.c -> build/.conf_check_0/testbuild/default/test_1.o
[0mclang: warning: argument unused during compilation: '-rdynamic' [-Wunused-command-line-argument]
['/usr/bin/gcc', '-rdynamic', '-D_GNU_SOURCE', '-DHAVE_CONFIG_H=1', '-DHAVE_OPENSSL=1', '../test.c', '-c', '-o', 'default/test_1.o']
[2/2] [33mcc_link: build/.conf_check_0/testbuild/default/test_1.o -> build/.conf_check_0/testbuild/default/testprog
[0m['/usr/bin/gcc', 'default/test_1.o', '-o', '/Users/marcelo/node/build/.conf_check_0/testbuild/default/testprog']
yes

----------------------------------------
Checking for function ceil
==>
#include <math.h>

	int main() {
	void *p;
	p=(void*)(ceil);
	return 0;
}

<==
[1/2] [32mcc: build/.conf_check_0/test.c -> build/.conf_check_0/testbuild/default/test_1.o
[0mclang: warning: argument unused during compilation: '-rdynamic' [-Wunused-command-line-argument]
['/usr/bin/gcc', '-rdynamic', '-D_GNU_SOURCE', '-DHAVE_CONFIG_H=1', '-DHAVE_OPENSSL=1', '../test.c', '-c', '-o', 'default/test_1.o']
[2/2] [33mcc_link: build/.conf_check_0/testbuild/default/test_1.o -> build/.conf_check_0/testbuild/default/testprog
[0m['/usr/bin/gcc', 'default/test_1.o', '-o', '/Users/marcelo/node/build/.conf_check_0/testbuild/default/testprog', '-lm']
yes

----------------------------------------
Checking for fdatasync(2) with c++
==>

    #include <unistd.h>
    int main(void)
    {
       int fd = 0;
       fdatasync (fd);
       return 0;
    }
  
<==
[1/2] [32mcxx: build/.conf_check_0/test.cpp -> build/.conf_check_0/testbuild/default/test_1.o
[0m../test.cpp:6:8: error: use of undeclared identifier 'fdatasync'
       fdatasync (fd);
       ^
1 error generated.
['/usr/bin/g++', '-pthread', '-arch', 'x86_64', '-DHAVE_OPENSSL=1', '-DEV_FORK_ENABLE=0', '-DEV_EMBED_ENABLE=0', '-DEV_MULTIPLICITY=0', '-DX_STACKSIZE=65536', '-D_LARGEFILE_SOURCE', '-D_FILE_OFFSET_BITS=64', '-DEV_MULTIPLICITY=0', '../test.cpp', '-c', '-o', 'default/test_1.o']
command returned 'Build failed:  -> task failed (err #1): \n\t{task: cxx test.cpp -> test_1.o}'no
